<?xml version="1.0" encoding="UTF-8"?>
<!-- Generated by org.testng.reporters.JUnitXMLReporter -->
<testsuite ignored="0" hostname="TABLET-035DO2R9" failures="0" tests="4" name="Chrome Test" time="29.726" errors="0" timestamp="2024-05-30T10:47:43 CST">
  <testcase classname="testNGAnnotaions.ParallelTesting" name="enterLoginDetails" time="5.594"/>
  <testcase classname="testNGAnnotaions.ParallelTesting" name="enterLoginDetails" time="5.654"/>
  <testcase classname="testNGAnnotaions.ParallelTesting" name="enterLoginDetails" time="5.426"/>
  <testcase classname="testNGAnnotaions.ParallelTesting" name="enterLoginDetails" time="5.563"/>
</testsuite> <!-- Chrome Test -->
