<?xml version="1.0" encoding="UTF-8"?>
<!-- Generated by org.testng.reporters.JUnitXMLReporter -->
<testsuite ignored="0" hostname="TABLET-035DO2R9" failures="0" tests="4" name="Firefox Test" time="26.996" errors="0" timestamp="2024-05-30T10:48:10 CST">
  <testcase classname="testNGAnnotaions.ParallelTesting" name="enterLoginDetails" time="4.298"/>
  <testcase classname="testNGAnnotaions.ParallelTesting" name="enterLoginDetails" time="4.213"/>
  <testcase classname="testNGAnnotaions.ParallelTesting" name="enterLoginDetails" time="4.215"/>
  <testcase classname="testNGAnnotaions.ParallelTesting" name="enterLoginDetails" time="4.216"/>
</testsuite> <!-- Firefox Test -->
