<?xml version="1.0" encoding="UTF-8"?>
<testng-results ignored="0" total="8" passed="8" failed="0" skipped="0">
  <reporter-output>
  </reporter-output>
  <suite started-at="2024-05-30T10:47:13 CST" name="Parallel Test Suite" finished-at="2024-05-30T10:48:10 CST" duration-ms="56749">
    <groups>
    </groups>
    <test started-at="2024-05-30T10:47:13 CST" name="Chrome Test" finished-at="2024-05-30T10:47:43 CST" duration-ms="29726">
      <class name="testNGAnnotaions.ParallelTesting">
        <test-method is-config="true" signature="launchBrowser(java.lang.String,java.lang.String)[pri:0, instance:testNGAnnotaions.ParallelTesting@6fa51cd4]" started-at="2024-05-30T10:47:13 CST" name="launchBrowser" finished-at="2024-05-30T10:47:20 CST" duration-ms="6900" status="PASS">
          <params>
            <param index="0">
              <value>
                <![CDATA[chrome]]>
              </value>
            </param>
            <param index="1">
              <value>
                <![CDATA[https://classic.freecrm.com/]]>
              </value>
            </param>
          </params>
          <reporter-output>
          </reporter-output>
        </test-method> <!-- launchBrowser -->
        <test-method signature="enterLoginDetails(java.lang.String,java.lang.String)[pri:0, instance:testNGAnnotaions.ParallelTesting@6fa51cd4]" started-at="2024-05-30T10:47:20 CST" name="enterLoginDetails" data-provider="loginData" finished-at="2024-05-30T10:47:26 CST" duration-ms="5594" status="PASS">
          <params>
            <param index="0">
              <value>
                <![CDATA[user1]]>
              </value>
            </param>
            <param index="1">
              <value>
                <![CDATA[password1]]>
              </value>
            </param>
          </params>
          <reporter-output>
          </reporter-output>
        </test-method> <!-- enterLoginDetails -->
        <test-method signature="enterLoginDetails(java.lang.String,java.lang.String)[pri:0, instance:testNGAnnotaions.ParallelTesting@6fa51cd4]" started-at="2024-05-30T10:47:26 CST" name="enterLoginDetails" data-provider="loginData" finished-at="2024-05-30T10:47:32 CST" duration-ms="5654" status="PASS">
          <params>
            <param index="0">
              <value>
                <![CDATA[user2]]>
              </value>
            </param>
            <param index="1">
              <value>
                <![CDATA[password2]]>
              </value>
            </param>
          </params>
          <reporter-output>
          </reporter-output>
        </test-method> <!-- enterLoginDetails -->
        <test-method signature="enterLoginDetails(java.lang.String,java.lang.String)[pri:0, instance:testNGAnnotaions.ParallelTesting@6fa51cd4]" started-at="2024-05-30T10:47:32 CST" name="enterLoginDetails" data-provider="loginData" finished-at="2024-05-30T10:47:37 CST" duration-ms="5426" status="PASS">
          <params>
            <param index="0">
              <value>
                <![CDATA[user3]]>
              </value>
            </param>
            <param index="1">
              <value>
                <![CDATA[password3]]>
              </value>
            </param>
          </params>
          <reporter-output>
          </reporter-output>
        </test-method> <!-- enterLoginDetails -->
        <test-method signature="enterLoginDetails(java.lang.String,java.lang.String)[pri:0, instance:testNGAnnotaions.ParallelTesting@6fa51cd4]" started-at="2024-05-30T10:47:37 CST" name="enterLoginDetails" data-provider="loginData" finished-at="2024-05-30T10:47:43 CST" duration-ms="5563" status="PASS">
          <params>
            <param index="0">
              <value>
                <![CDATA[user4]]>
              </value>
            </param>
            <param index="1">
              <value>
                <![CDATA[password4]]>
              </value>
            </param>
          </params>
          <reporter-output>
          </reporter-output>
        </test-method> <!-- enterLoginDetails -->
        <test-method is-config="true" signature="tearDown()[pri:0, instance:testNGAnnotaions.ParallelTesting@6fa51cd4]" started-at="2024-05-30T10:47:43 CST" name="tearDown" finished-at="2024-05-30T10:47:43 CST" duration-ms="491" status="PASS">
          <reporter-output>
          </reporter-output>
        </test-method> <!-- tearDown -->
      </class> <!-- testNGAnnotaions.ParallelTesting -->
    </test> <!-- Chrome Test -->
    <test started-at="2024-05-30T10:47:43 CST" name="Firefox Test" finished-at="2024-05-30T10:48:10 CST" duration-ms="26996">
      <class name="testNGAnnotaions.ParallelTesting">
        <test-method is-config="true" signature="launchBrowser(java.lang.String,java.lang.String)[pri:0, instance:testNGAnnotaions.ParallelTesting@312aa7c]" started-at="2024-05-30T10:47:43 CST" name="launchBrowser" finished-at="2024-05-30T10:47:52 CST" duration-ms="8599" status="PASS">
          <params>
            <param index="0">
              <value>
                <![CDATA[firefox]]>
              </value>
            </param>
            <param index="1">
              <value>
                <![CDATA[https://classic.freecrm.com/]]>
              </value>
            </param>
          </params>
          <reporter-output>
          </reporter-output>
        </test-method> <!-- launchBrowser -->
        <test-method signature="enterLoginDetails(java.lang.String,java.lang.String)[pri:0, instance:testNGAnnotaions.ParallelTesting@312aa7c]" started-at="2024-05-30T10:47:52 CST" name="enterLoginDetails" data-provider="loginData" finished-at="2024-05-30T10:47:56 CST" duration-ms="4298" status="PASS">
          <params>
            <param index="0">
              <value>
                <![CDATA[user1]]>
              </value>
            </param>
            <param index="1">
              <value>
                <![CDATA[password1]]>
              </value>
            </param>
          </params>
          <reporter-output>
          </reporter-output>
        </test-method> <!-- enterLoginDetails -->
        <test-method signature="enterLoginDetails(java.lang.String,java.lang.String)[pri:0, instance:testNGAnnotaions.ParallelTesting@312aa7c]" started-at="2024-05-30T10:47:56 CST" name="enterLoginDetails" data-provider="loginData" finished-at="2024-05-30T10:48:00 CST" duration-ms="4213" status="PASS">
          <params>
            <param index="0">
              <value>
                <![CDATA[user2]]>
              </value>
            </param>
            <param index="1">
              <value>
                <![CDATA[password2]]>
              </value>
            </param>
          </params>
          <reporter-output>
          </reporter-output>
        </test-method> <!-- enterLoginDetails -->
        <test-method signature="enterLoginDetails(java.lang.String,java.lang.String)[pri:0, instance:testNGAnnotaions.ParallelTesting@312aa7c]" started-at="2024-05-30T10:48:00 CST" name="enterLoginDetails" data-provider="loginData" finished-at="2024-05-30T10:48:05 CST" duration-ms="4215" status="PASS">
          <params>
            <param index="0">
              <value>
                <![CDATA[user3]]>
              </value>
            </param>
            <param index="1">
              <value>
                <![CDATA[password3]]>
              </value>
            </param>
          </params>
          <reporter-output>
          </reporter-output>
        </test-method> <!-- enterLoginDetails -->
        <test-method signature="enterLoginDetails(java.lang.String,java.lang.String)[pri:0, instance:testNGAnnotaions.ParallelTesting@312aa7c]" started-at="2024-05-30T10:48:05 CST" name="enterLoginDetails" data-provider="loginData" finished-at="2024-05-30T10:48:09 CST" duration-ms="4216" status="PASS">
          <params>
            <param index="0">
              <value>
                <![CDATA[user4]]>
              </value>
            </param>
            <param index="1">
              <value>
                <![CDATA[password4]]>
              </value>
            </param>
          </params>
          <reporter-output>
          </reporter-output>
        </test-method> <!-- enterLoginDetails -->
        <test-method is-config="true" signature="tearDown()[pri:0, instance:testNGAnnotaions.ParallelTesting@312aa7c]" started-at="2024-05-30T10:48:09 CST" name="tearDown" finished-at="2024-05-30T10:48:10 CST" duration-ms="1427" status="PASS">
          <reporter-output>
          </reporter-output>
        </test-method> <!-- tearDown -->
      </class> <!-- testNGAnnotaions.ParallelTesting -->
    </test> <!-- Firefox Test -->
  </suite> <!-- Parallel Test Suite -->
</testng-results>
